<?xml version="1.0" encoding="UTF-8"?>
<testng-results ignored="0" total="5" passed="4" failed="1" skipped="0">
  <reporter-output>
    <line>
      <![CDATA[login functionality works.]]>
    </line>
  </reporter-output>
  <suite started-at="2022-09-12T02:17:12 IST" name="Suite" finished-at="2022-09-12T02:17:31 IST" duration-ms="18830">
    <groups>
    </groups>
    <test started-at="2022-09-12T02:17:12 IST" name="Test" finished-at="2022-09-12T02:17:31 IST" duration-ms="18830">
      <class name="TestRunner.TestCase">
        <test-method is-config="true" signature="suiteBefore()[pri:0, instance:TestRunner.TestCase@47faa49c]" started-at="2022-09-12T02:17:12 IST" name="suiteBefore" finished-at="2022-09-12T02:17:12 IST" duration-ms="16" status="PASS">
          <reporter-output>
          </reporter-output>
        </test-method> <!-- suiteBefore -->
        <test-method is-config="true" signature="testBefore()[pri:0, instance:TestRunner.TestCase@47faa49c]" started-at="2022-09-12T02:17:12 IST" name="testBefore" finished-at="2022-09-12T02:17:21 IST" duration-ms="9307" status="PASS">
          <reporter-output>
          </reporter-output>
        </test-method> <!-- testBefore -->
        <test-method is-config="true" signature="classBefore()[pri:0, instance:TestRunner.TestCase@47faa49c]" started-at="2022-09-12T02:17:21 IST" name="classBefore" finished-at="2022-09-12T02:17:24 IST" duration-ms="3457" status="PASS">
          <reporter-output>
          </reporter-output>
        </test-method> <!-- classBefore -->
        <test-method signature="booking_confirmation()[pri:0, instance:TestRunner.TestCase@47faa49c]" started-at="2022-09-12T02:17:24 IST" name="booking_confirmation" finished-at="2022-09-12T02:17:25 IST" duration-ms="59" status="FAIL">
          <exception class="org.openqa.selenium.NoSuchElementException">
            <message>
              <![CDATA[no such element: Unable to locate element: {"method":"xpath","selector":"//*[@id="order_no"]"}
  (Session info: chrome=105.0.5195.102)
For documentation on this error, please visit: https://selenium.dev/exceptions/#no_such_element
Build info: version: '4.4.0', revision: 'e5c75ed026a'
System info: host: 'DESKTOP-MKPIH1B', ip: '192.168.0.102', os.name: 'Windows 11', os.arch: 'amd64', os.version: '10.0', java.version: '17.0.2'
Driver info: org.openqa.selenium.chrome.ChromeDriver
Command: [3af01e34e81747fd62c7888ea879a910, findElement {using=xpath, value=//*[@id="order_no"]}]
Capabilities {acceptInsecureCerts: false, browserName: chrome, browserVersion: 105.0.5195.102, chrome: {chromedriverVersion: 105.0.5195.52 (412c95e51883..., userDataDir: C:\Users\muska\AppData\Loca...}, goog:chromeOptions: {debuggerAddress: localhost:59273}, networkConnectionEnabled: false, pageLoadStrategy: normal, platformName: WINDOWS, proxy: Proxy(), se:cdp: ws://localhost:59273/devtoo..., se:cdpVersion: 105.0.5195.102, setWindowRect: true, strictFileInteractability: false, timeouts: {implicit: 0, pageLoad: 300000, script: 30000}, unhandledPromptBehavior: dismiss and notify, webauthn:extension:credBlob: true, webauthn:extension:largeBlob: true, webauthn:virtualAuthenticators: true}
Session ID: 3af01e34e81747fd62c7888ea879a910]]>
            </message>
            <full-stacktrace>
              <![CDATA[org.openqa.selenium.NoSuchElementException: no such element: Unable to locate element: {"method":"xpath","selector":"//*[@id="order_no"]"}
  (Session info: chrome=105.0.5195.102)
For documentation on this error, please visit: https://selenium.dev/exceptions/#no_such_element
Build info: version: '4.4.0', revision: 'e5c75ed026a'
System info: host: 'DESKTOP-MKPIH1B', ip: '192.168.0.102', os.name: 'Windows 11', os.arch: 'amd64', os.version: '10.0', java.version: '17.0.2'
Driver info: org.openqa.selenium.chrome.ChromeDriver
Command: [3af01e34e81747fd62c7888ea879a910, findElement {using=xpath, value=//*[@id="order_no"]}]
Capabilities {acceptInsecureCerts: false, browserName: chrome, browserVersion: 105.0.5195.102, chrome: {chromedriverVersion: 105.0.5195.52 (412c95e51883..., userDataDir: C:\Users\muska\AppData\Loca...}, goog:chromeOptions: {debuggerAddress: localhost:59273}, networkConnectionEnabled: false, pageLoadStrategy: normal, platformName: WINDOWS, proxy: Proxy(), se:cdp: ws://localhost:59273/devtoo..., se:cdpVersion: 105.0.5195.102, setWindowRect: true, strictFileInteractability: false, timeouts: {implicit: 0, pageLoad: 300000, script: 30000}, unhandledPromptBehavior: dismiss and notify, webauthn:extension:credBlob: true, webauthn:extension:largeBlob: true, webauthn:virtualAuthenticators: true}
Session ID: 3af01e34e81747fd62c7888ea879a910
at java.base/jdk.internal.reflect.NativeConstructorAccessorImpl.newInstance0(Native Method)
at java.base/jdk.internal.reflect.NativeConstructorAccessorImpl.newInstance(NativeConstructorAccessorImpl.java:77)
at java.base/jdk.internal.reflect.DelegatingConstructorAccessorImpl.newInstance(DelegatingConstructorAccessorImpl.java:45)
at java.base/java.lang.reflect.Constructor.newInstanceWithCaller(Constructor.java:499)
at java.base/java.lang.reflect.Constructor.newInstance(Constructor.java:480)
at org.openqa.selenium.remote.codec.w3c.W3CHttpResponseCodec.createException(W3CHttpResponseCodec.java:200)
at org.openqa.selenium.remote.codec.w3c.W3CHttpResponseCodec.decode(W3CHttpResponseCodec.java:133)
at org.openqa.selenium.remote.codec.w3c.W3CHttpResponseCodec.decode(W3CHttpResponseCodec.java:53)
at org.openqa.selenium.remote.HttpCommandExecutor.execute(HttpCommandExecutor.java:184)
at org.openqa.selenium.remote.service.DriverCommandExecutor.invokeExecute(DriverCommandExecutor.java:167)
at org.openqa.selenium.remote.service.DriverCommandExecutor.execute(DriverCommandExecutor.java:142)
at org.openqa.selenium.remote.RemoteWebDriver.execute(RemoteWebDriver.java:547)
at org.openqa.selenium.remote.ElementLocation$ElementFinder$2.findElement(ElementLocation.java:162)
at org.openqa.selenium.remote.ElementLocation.findElement(ElementLocation.java:60)
at org.openqa.selenium.remote.RemoteWebDriver.findElement(RemoteWebDriver.java:365)
at org.openqa.selenium.remote.RemoteWebDriver.findElement(RemoteWebDriver.java:357)
at TestRunner.TestCase.booking_confirmation(TestCase.java:74)
at java.base/jdk.internal.reflect.NativeMethodAccessorImpl.invoke0(Native Method)
at java.base/jdk.internal.reflect.NativeMethodAccessorImpl.invoke(NativeMethodAccessorImpl.java:77)
at java.base/jdk.internal.reflect.DelegatingMethodAccessorImpl.invoke(DelegatingMethodAccessorImpl.java:43)
at java.base/java.lang.reflect.Method.invoke(Method.java:568)
at org.testng.internal.MethodInvocationHelper.invokeMethod(MethodInvocationHelper.java:133)
at org.testng.internal.TestInvoker.invokeMethod(TestInvoker.java:598)
at org.testng.internal.TestInvoker.invokeTestMethod(TestInvoker.java:173)
at org.testng.internal.MethodRunner.runInSequence(MethodRunner.java:46)
at org.testng.internal.TestInvoker$MethodInvocationAgent.invoke(TestInvoker.java:824)
at org.testng.internal.TestInvoker.invokeTestMethods(TestInvoker.java:146)
at org.testng.internal.TestMethodWorker.invokeTestMethods(TestMethodWorker.java:146)
at org.testng.internal.TestMethodWorker.run(TestMethodWorker.java:128)
at java.base/java.util.ArrayList.forEach(ArrayList.java:1511)
at org.testng.TestRunner.privateRun(TestRunner.java:794)
at org.testng.TestRunner.run(TestRunner.java:596)
at org.testng.SuiteRunner.runTest(SuiteRunner.java:377)
at org.testng.SuiteRunner.runSequentially(SuiteRunner.java:371)
at org.testng.SuiteRunner.privateRun(SuiteRunner.java:332)
at org.testng.SuiteRunner.run(SuiteRunner.java:276)
at org.testng.SuiteRunnerWorker.runSuite(SuiteRunnerWorker.java:53)
at org.testng.SuiteRunnerWorker.run(SuiteRunnerWorker.java:96)
at org.testng.TestNG.runSuitesSequentially(TestNG.java:1212)
at org.testng.TestNG.runSuitesLocally(TestNG.java:1134)
at org.testng.TestNG.runSuites(TestNG.java:1063)
at org.testng.TestNG.run(TestNG.java:1031)
at org.testng.remote.AbstractRemoteTestNG.run(AbstractRemoteTestNG.java:115)
at org.testng.remote.RemoteTestNG.initAndRun(RemoteTestNG.java:251)
at org.testng.remote.RemoteTestNG.main(RemoteTestNG.java:77)
]]>
            </full-stacktrace>
          </exception> <!-- org.openqa.selenium.NoSuchElementException -->
          <reporter-output>
          </reporter-output>
        </test-method> <!-- booking_confirmation -->
        <test-method signature="tc1_login_success()[pri:0, instance:TestRunner.TestCase@47faa49c]" started-at="2022-09-12T02:17:25 IST" name="tc1_login_success" finished-at="2022-09-12T02:17:25 IST" duration-ms="19" status="PASS">
          <reporter-output>
            <line>
              <![CDATA[login functionality works.]]>
            </line>
          </reporter-output>
        </test-method> <!-- tc1_login_success -->
        <test-method signature="tc2_book_hotel()[pri:0, instance:TestRunner.TestCase@47faa49c]" started-at="2022-09-12T02:17:25 IST" name="tc2_book_hotel" finished-at="2022-09-12T02:17:26 IST" duration-ms="1653" status="PASS">
          <reporter-output>
          </reporter-output>
        </test-method> <!-- tc2_book_hotel -->
        <test-method signature="tc3_select_hotel()[pri:0, instance:TestRunner.TestCase@47faa49c]" started-at="2022-09-12T02:17:26 IST" name="tc3_select_hotel" finished-at="2022-09-12T02:17:29 IST" duration-ms="2872" status="PASS">
          <reporter-output>
          </reporter-output>
        </test-method> <!-- tc3_select_hotel -->
        <test-method signature="tc4_book_hotel()[pri:0, instance:TestRunner.TestCase@47faa49c]" started-at="2022-09-12T02:17:29 IST" name="tc4_book_hotel" finished-at="2022-09-12T02:17:30 IST" duration-ms="1163" status="PASS">
          <reporter-output>
          </reporter-output>
        </test-method> <!-- tc4_book_hotel -->
        <test-method is-config="true" signature="testAfter()[pri:0, instance:TestRunner.TestCase@47faa49c]" started-at="2022-09-12T02:17:30 IST" name="testAfter" finished-at="2022-09-12T02:17:31 IST" duration-ms="220" status="PASS">
          <reporter-output>
          </reporter-output>
        </test-method> <!-- testAfter -->
        <test-method is-config="true" signature="suiteAfter()[pri:0, instance:TestRunner.TestCase@47faa49c]" started-at="2022-09-12T02:17:31 IST" name="suiteAfter" finished-at="2022-09-12T02:17:31 IST" duration-ms="0" status="PASS">
          <reporter-output>
          </reporter-output>
        </test-method> <!-- suiteAfter -->
      </class> <!-- TestRunner.TestCase -->
    </test> <!-- Test -->
  </suite> <!-- Suite -->
</testng-results>
